
INFO: Using Android NDK v provided at /home/tasos/Android/Sdk/ndk

INFO: Build options: 

fatal: not a git repository (or any of the parent directories): .git
cp: cannot stat '/home/tasos/AndroidStudioProjects/BirdUp/tools/release/android/build.gradle': No such file or directory

INFO: Using Android NDK v provided at /home/tasos/Android/Sdk/ndk

INFO: Build options: 

fatal: not a git repository (or any of the parent directories): .git
cp: cannot stat '/home/tasos/AndroidStudioProjects/BirdUp/tools/release/android/build.gradle': No such file or directory

INFO: Using Android NDK v provided at /home/tasos/Android/Sdk/ndk

INFO: Build options: 

fatal: not a git repository (or any of the parent directories): .git
cp: cannot stat '/home/tasos/AndroidStudioProjects/BirdUp/tools/release/android/build.gradle': No such file or directory

INFO: Using Android NDK v provided at /home/tasos/Android/Sdk/ndk

INFO: Build options: 

cp: cannot stat '/home/tasos/AndroidStudioProjects/BirdUp/tools/release/android/build.gradle': No such file or directory
/home/tasos/AndroidStudioProjects/BirdUp/ffmpeg-kit/android.sh: line 178: s/minSdkVersion .*/minSdkVersion /g: No such file or directory
/home/tasos/AndroidStudioProjects/BirdUp/ffmpeg-kit/android.sh: line 179: s/versionCode ..0/versionCode 0/g: No such file or directory
INFO: Building ffmpeg-kit f6f6529 library for Android: Παρ 18 Μαρ 2022 01:38:50 μμ EET

INFO: Downloading the source code of ffmpeg and external libraries.


INFO: Using Android NDK v provided at /home/tasos/Android/Sdk/ndk/

INFO: Build options: 

cp: cannot stat '/home/tasos/AndroidStudioProjects/BirdUp/tools/release/android/build.gradle': No such file or directory
/home/tasos/AndroidStudioProjects/BirdUp/ffmpeg-kit/android.sh: line 178: s/minSdkVersion .*/minSdkVersion /g: No such file or directory
/home/tasos/AndroidStudioProjects/BirdUp/ffmpeg-kit/android.sh: line 179: s/versionCode ..0/versionCode 0/g: No such file or directory
INFO: Building ffmpeg-kit f6f6529 library for Android: Παρ 18 Μαρ 2022 01:42:02 μμ EET

INFO: Downloading the source code of ffmpeg and external libraries.

